{
  "RSpec": {
    "coverage": {
      "/Users/alexis/Documents/perso/beekeeper/app/models/product.rb": {
        "lines": [
          1,
          null,
          1,
          1,
          null,
          1,
          null,
          1,
          null,
          1,
          null,
          1,
          1,
          null
        ]
      },
      "/Users/alexis/Documents/perso/beekeeper/app/models/application_record.rb": {
        "lines": [
          1,
          1,
          null
        ]
      },
      "/Users/alexis/Documents/perso/beekeeper/app/models/booking_product.rb": {
        "lines": [
          1,
          null,
          1,
          null,
          1,
          1,
          null,
          null
        ]
      },
      "/Users/alexis/Documents/perso/beekeeper/app/models/booking.rb": {
        "lines": [
          1,
          null,
          1,
          1,
          1,
          null
        ]
      }
    },
    "timestamp": 1605444394
  }
}
